Performing C SOURCE FILE Test CMAKE_HAVE_LIBC_PTHREAD failed with the following output:
Change Dir: /mnt/hgfs/Vscode/dataSA/cmake-build/CMakeFiles/CMakeTmp

Run Build Command(s):/usr/bin/make -f Makefile cmTC_46bc6/fast && make: Warning: File 'Makefile' has modification time 0.12 s in the future
/usr/bin/make  -f CMakeFiles/cmTC_46bc6.dir/build.make CMakeFiles/cmTC_46bc6.dir/build
make[1]: Entering directory '/mnt/hgfs/Vscode/dataSA/cmake-build/CMakeFiles/CMakeTmp'
make[1]: Warning: File 'CMakeFiles/cmTC_46bc6.dir/flags.make' has modification time 0.1 s in the future
Building C object CMakeFiles/cmTC_46bc6.dir/src.c.o
/usr/bin/cc -DCMAKE_HAVE_LIBC_PTHREAD  -pipe -std=c99 -Wno-error=unused-value  -std=gnu99 -o CMakeFiles/cmTC_46bc6.dir/src.c.o -c /mnt/hgfs/Vscode/dataSA/cmake-build/CMakeFiles/CMakeTmp/src.c
Linking C executable cmTC_46bc6
/usr/local/bin/cmake -E cmake_link_script CMakeFiles/cmTC_46bc6.dir/link.txt --verbose=1
/usr/bin/cc  -pipe -std=c99 -Wno-error=unused-value  CMakeFiles/cmTC_46bc6.dir/src.c.o -o cmTC_46bc6 
CMakeFiles/cmTC_46bc6.dir/src.c.o: In function `main':
src.c:(.text+0x3e): undefined reference to `pthread_create'
src.c:(.text+0x4a): undefined reference to `pthread_detach'
src.c:(.text+0x56): undefined reference to `pthread_cancel'
src.c:(.text+0x67): undefined reference to `pthread_join'
src.c:(.text+0x7b): undefined reference to `pthread_atfork'
collect2: error: ld returned 1 exit status
CMakeFiles/cmTC_46bc6.dir/build.make:98: recipe for target 'cmTC_46bc6' failed
make[1]: *** [cmTC_46bc6] Error 1
make[1]: Leaving directory '/mnt/hgfs/Vscode/dataSA/cmake-build/CMakeFiles/CMakeTmp'
Makefile:127: recipe for target 'cmTC_46bc6/fast' failed
make: *** [cmTC_46bc6/fast] Error 2


Source file was:
#include <pthread.h>

static void* test_func(void* data)
{
  return data;
}

int main(void)
{
  pthread_t thread;
  pthread_create(&thread, NULL, test_func, NULL);
  pthread_detach(thread);
  pthread_cancel(thread);
  pthread_join(thread, NULL);
  pthread_atfork(NULL, NULL, NULL);
  pthread_exit(NULL);

  return 0;
}

Determining if the function pthread_create exists in the pthreads failed with the following output:
Change Dir: /mnt/hgfs/Vscode/dataSA/cmake-build/CMakeFiles/CMakeTmp

Run Build Command(s):/usr/bin/make -f Makefile cmTC_4706c/fast && /usr/bin/make  -f CMakeFiles/cmTC_4706c.dir/build.make CMakeFiles/cmTC_4706c.dir/build
make[1]: Entering directory '/mnt/hgfs/Vscode/dataSA/cmake-build/CMakeFiles/CMakeTmp'
Building C object CMakeFiles/cmTC_4706c.dir/CheckFunctionExists.c.o
/usr/bin/cc   -pipe -std=c99 -Wno-error=unused-value -DCHECK_FUNCTION_EXISTS=pthread_create -std=gnu99 -o CMakeFiles/cmTC_4706c.dir/CheckFunctionExists.c.o -c /usr/local/share/cmake-3.23/Modules/CheckFunctionExists.c
Linking C executable cmTC_4706c
/usr/local/bin/cmake -E cmake_link_script CMakeFiles/cmTC_4706c.dir/link.txt --verbose=1
/usr/bin/cc  -pipe -std=c99 -Wno-error=unused-value -DCHECK_FUNCTION_EXISTS=pthread_create CMakeFiles/cmTC_4706c.dir/CheckFunctionExists.c.o -o cmTC_4706c  -lpthreads 
/usr/bin/ld: cannot find -lpthreads
collect2: error: ld returned 1 exit status
CMakeFiles/cmTC_4706c.dir/build.make:98: recipe for target 'cmTC_4706c' failed
make[1]: *** [cmTC_4706c] Error 1
make[1]: Leaving directory '/mnt/hgfs/Vscode/dataSA/cmake-build/CMakeFiles/CMakeTmp'
Makefile:127: recipe for target 'cmTC_4706c/fast' failed
make: *** [cmTC_4706c/fast] Error 2



