Performing C SOURCE FILE Test CMAKE_HAVE_LIBC_PTHREAD failed with the following output:
Change Dir: /mnt/hgfs/Vscode/Ctest/dataSA/build/CMakeFiles/CMakeTmp

Run Build Command(s):/usr/bin/make -f Makefile cmTC_d0ecb/fast && make: Warning: File 'Makefile' has modification time 1.4 s in the future
/usr/bin/make  -f CMakeFiles/cmTC_d0ecb.dir/build.make CMakeFiles/cmTC_d0ecb.dir/build
make[1]: Entering directory '/mnt/hgfs/Vscode/Ctest/dataSA/build/CMakeFiles/CMakeTmp'
make[1]: Warning: File 'CMakeFiles/cmTC_d0ecb.dir/flags.make' has modification time 1.4 s in the future
Building C object CMakeFiles/cmTC_d0ecb.dir/src.c.o
/usr/bin/cc -DCMAKE_HAVE_LIBC_PTHREAD  -pipe -std=c99 -Wno-error=unused-value  -std=gnu99 -o CMakeFiles/cmTC_d0ecb.dir/src.c.o -c /mnt/hgfs/Vscode/Ctest/dataSA/build/CMakeFiles/CMakeTmp/src.c
Linking C executable cmTC_d0ecb
/usr/local/bin/cmake -E cmake_link_script CMakeFiles/cmTC_d0ecb.dir/link.txt --verbose=1
/usr/bin/cc  -pipe -std=c99 -Wno-error=unused-value  CMakeFiles/cmTC_d0ecb.dir/src.c.o -o cmTC_d0ecb 
CMakeFiles/cmTC_d0ecb.dir/src.c.o: In function `main':
src.c:(.text+0x3e): undefined reference to `pthread_create'
src.c:(.text+0x4a): undefined reference to `pthread_detach'
src.c:(.text+0x56): undefined reference to `pthread_cancel'
src.c:(.text+0x67): undefined reference to `pthread_join'
src.c:(.text+0x7b): undefined reference to `pthread_atfork'
collect2: error: ld returned 1 exit status
CMakeFiles/cmTC_d0ecb.dir/build.make:98: recipe for target 'cmTC_d0ecb' failed
make[1]: *** [cmTC_d0ecb] Error 1
make[1]: Leaving directory '/mnt/hgfs/Vscode/Ctest/dataSA/build/CMakeFiles/CMakeTmp'
Makefile:127: recipe for target 'cmTC_d0ecb/fast' failed
make: *** [cmTC_d0ecb/fast] Error 2


Source file was:
#include <pthread.h>

static void* test_func(void* data)
{
  return data;
}

int main(void)
{
  pthread_t thread;
  pthread_create(&thread, NULL, test_func, NULL);
  pthread_detach(thread);
  pthread_cancel(thread);
  pthread_join(thread, NULL);
  pthread_atfork(NULL, NULL, NULL);
  pthread_exit(NULL);

  return 0;
}

Determining if the function pthread_create exists in the pthreads failed with the following output:
Change Dir: /mnt/hgfs/Vscode/Ctest/dataSA/build/CMakeFiles/CMakeTmp

Run Build Command(s):/usr/bin/make -f Makefile cmTC_edbe5/fast && make: Warning: File 'Makefile' has modification time 1.2 s in the future
/usr/bin/make  -f CMakeFiles/cmTC_edbe5.dir/build.make CMakeFiles/cmTC_edbe5.dir/build
make[1]: Entering directory '/mnt/hgfs/Vscode/Ctest/dataSA/build/CMakeFiles/CMakeTmp'
make[1]: Warning: File 'CMakeFiles/cmTC_edbe5.dir/flags.make' has modification time 1.2 s in the future
Building C object CMakeFiles/cmTC_edbe5.dir/CheckFunctionExists.c.o
/usr/bin/cc   -pipe -std=c99 -Wno-error=unused-value -DCHECK_FUNCTION_EXISTS=pthread_create -std=gnu99 -o CMakeFiles/cmTC_edbe5.dir/CheckFunctionExists.c.o -c /usr/local/share/cmake-3.23/Modules/CheckFunctionExists.c
Linking C executable cmTC_edbe5
/usr/local/bin/cmake -E cmake_link_script CMakeFiles/cmTC_edbe5.dir/link.txt --verbose=1
/usr/bin/cc  -pipe -std=c99 -Wno-error=unused-value -DCHECK_FUNCTION_EXISTS=pthread_create CMakeFiles/cmTC_edbe5.dir/CheckFunctionExists.c.o -o cmTC_edbe5  -lpthreads 
/usr/bin/ld: cannot find -lpthreads
collect2: error: ld returned 1 exit status
CMakeFiles/cmTC_edbe5.dir/build.make:98: recipe for target 'cmTC_edbe5' failed
make[1]: *** [cmTC_edbe5] Error 1
make[1]: Leaving directory '/mnt/hgfs/Vscode/Ctest/dataSA/build/CMakeFiles/CMakeTmp'
Makefile:127: recipe for target 'cmTC_edbe5/fast' failed
make: *** [cmTC_edbe5/fast] Error 2



